[0m2021.11.11 22:03:16 INFO  Started: Metals version 0.10.5 in workspace '/home/runner/Scala-Nix' .[0m
[0m2021.11.11 22:03:20 INFO  time: initialize in 4.73s[0m
[0m2021.11.11 22:03:23 WARN  Build server is not auto-connectable.[0m
[0m2021.11.11 22:03:23 WARN  no build tool detected in workspace '/home/runner/Scala-Nix'. The most common cause for this problem is that the editor was opened in the wrong working directory, for example if you use sbt then the workspace directory should contain build.sbt. [0m
[0m2022.01.23 05:04:15 INFO  Started: Metals version 0.10.5 in workspace '/home/runner/VerticalNormalTest' .[0m
[0m2022.01.23 05:04:15 INFO  Started: Metals version 0.10.5 in workspace '/home/runner/VerticalNormalTest' .[0m
[0m2022.01.23 05:04:43 INFO  time: initialize in 28s[0m
[0m2022.01.23 05:04:43 INFO  time: initialize in 28s[0m
[0m2022.01.23 05:04:54 WARN  Build server is not auto-connectable.[0m
[0m2022.01.23 05:04:54 WARN  no build tool detected in workspace '/home/runner/VerticalNormalTest'. The most common cause for this problem is that the editor was opened in the wrong working directory, for example if you use sbt then the workspace directory should contain build.sbt. [0m
[0m2022.01.23 05:04:57 WARN  Build server is not auto-connectable.[0m
[0m2022.01.23 05:04:58 WARN  no build tool detected in workspace '/home/runner/VerticalNormalTest'. The most common cause for this problem is that the editor was opened in the wrong working directory, for example if you use sbt then the workspace directory should contain build.sbt. [0m
Jan 23, 2022 5:04:59 AM org.eclipse.lsp4j.jsonrpc.RemoteEndpoint handleNotification
WARNING: Notification threw an exception: {
  "jsonrpc": "2.0",
  "method": "textDocument/didOpen",
  "params": {
    "textDocument": {
      "uri": "file:///home/runner/VerticalNormalTest/Main.scala",
      "languageId": "scala",
      "version": 2,
      "text": ""
    }
  }
}
java.lang.RuntimeException: java.lang.reflect.InvocationTargetException
	at org.eclipse.lsp4j.jsonrpc.services.GenericEndpoint.lambda$null$0(GenericEndpoint.java:67)
	at org.eclipse.lsp4j.jsonrpc.services.GenericEndpoint.notify(GenericEndpoint.java:152)
	at org.eclipse.lsp4j.jsonrpc.RemoteEndpoint.handleNotification(RemoteEndpoint.java:220)
	at org.eclipse.lsp4j.jsonrpc.RemoteEndpoint.consume(RemoteEndpoint.java:187)
	at org.eclipse.lsp4j.jsonrpc.json.StreamMessageProducer.handleMessage(StreamMessageProducer.java:194)
	at org.eclipse.lsp4j.jsonrpc.json.StreamMessageProducer.listen(StreamMessageProducer.java:94)
	at org.eclipse.lsp4j.jsonrpc.json.ConcurrentMessageProcessor.run(ConcurrentMessageProcessor.java:113)
	at java.base/java.util.concurrent.Executors$RunnableAdapter.call(Executors.java:515)
	at java.base/java.util.concurrent.FutureTask.run(FutureTask.java:264)
	at java.base/java.util.concurrent.ThreadPoolExecutor.runWorker(ThreadPoolExecutor.java:1130)
	at java.base/java.util.concurrent.ThreadPoolExecutor$Worker.run(ThreadPoolExecutor.java:630)
	at java.base/java.lang.Thread.run(Thread.java:831)
Caused by: java.lang.reflect.InvocationTargetException
	at java.base/jdk.internal.reflect.NativeMethodAccessorImpl.invoke0(Native Method)
	at java.base/jdk.internal.reflect.NativeMethodAccessorImpl.invoke(NativeMethodAccessorImpl.java:78)
	at java.base/jdk.internal.reflect.DelegatingMethodAccessorImpl.invoke(DelegatingMethodAccessorImpl.java:43)
	at java.base/java.lang.reflect.Method.invoke(Method.java:567)
	at org.eclipse.lsp4j.jsonrpc.services.GenericEndpoint.lambda$null$0(GenericEndpoint.java:65)
	... 11 more
Caused by: java.nio.file.NoSuchFileException: /home/runner/VerticalNormalTest/Main.scala
	at java.base/sun.nio.fs.UnixException.translateToIOException(UnixException.java:92)
	at java.base/sun.nio.fs.UnixException.rethrowAsIOException(UnixException.java:106)
	at java.base/sun.nio.fs.UnixException.rethrowAsIOException(UnixException.java:111)
	at java.base/sun.nio.fs.UnixFileSystemProvider.newByteChannel(UnixFileSystemProvider.java:219)
	at java.base/java.nio.file.Files.newByteChannel(Files.java:375)
	at java.base/java.nio.file.Files.newByteChannel(Files.java:426)
	at java.base/java.nio.file.Files.readAllBytes(Files.java:3272)
	at scala.meta.internal.io.PlatformFileIO$.slurp(PlatformFileIO.scala:45)
	at scala.meta.internal.io.FileIO$.slurp(FileIO.scala:24)
	at scala.meta.internal.metals.MetalsLanguageServer.didOpen(MetalsLanguageServer.scala:956)
	... 16 more

[0m2022.01.23 05:05:00 WARN  no build target for: /home/runner/VerticalNormalTest/main.scala[0m
[0m2022.01.23 05:05:53 INFO  Started: Metals version 0.10.5 in workspace '/home/runner/VerticalNormalTest' .[0m
[0m2022.01.23 05:05:54 INFO  Started: Metals version 0.10.5 in workspace '/home/runner/VerticalNormalTest' .[0m
